{"name":"Translate from Spanish to English","id":"google-traslate;translate-from-spanish-to-english","testSteps":[{"number":1,"description":"Given that vlady opens his browser at Google Home Page","duration":5998,"startTime":"2021-01-08T09:13:29.631-05:00[America/Bogota]","screenshots":[{"screenshot":"bb2a3d2257b068b7e2097e9ec1948307c5636bafbdc0f108154a9292f9c1f462.png"}],"result":"SUCCESS","precondition":false,"children":[{"number":2,"description":"Vlady opens the Google home page","duration":5438,"startTime":"2021-01-08T09:13:29.900-05:00[America/Bogota]","screenshots":[{"screenshot":"bb2a3d2257b068b7e2097e9ec1948307c5636bafbdc0f108154a9292f9c1f462.png"}],"result":"SUCCESS","precondition":false}]},{"number":3,"description":"And he goes to Google Traslate","duration":9171,"startTime":"2021-01-08T09:13:35.630-05:00[America/Bogota]","screenshots":[{"screenshot":"8f863203a989808f3f02b7eb7f5ef527d1ffa9ff90f3c9344f3155d6e22b7782.png"}],"exception":{"errorType":"net.thucydides.core.webdriver.exceptions.ElementShouldBeEnabledException","message":"The following error occurred: Expected enabled element was not enabled","stackTrace":[{"declaringClass":"com.librerianacional.certification.LibreriaNacional.tasks.GoTo","methodName":"performAs","fileName":"GoTo.java","lineNumber":30},{"declaringClass":"com.librerianacional.certification.LibreriaNacional.stepdefinitions.GoogleTraslateStepDefinitions","methodName":"theUserGoesTo","fileName":"GoogleTraslateStepDefinitions.java","lineNumber":53},{"declaringClass":"cucumber.runner.Runner","methodName":"runPickle","fileName":"Runner.java","lineNumber":80},{"declaringClass":"org.eclipse.jdt.internal.junit4.runner.JUnit4TestReference","methodName":"run","fileName":"JUnit4TestReference.java","lineNumber":89},{"declaringClass":"org.eclipse.jdt.internal.junit.runner.TestExecution","methodName":"run","fileName":"TestExecution.java","lineNumber":41},{"declaringClass":"org.eclipse.jdt.internal.junit.runner.RemoteTestRunner","methodName":"runTests","fileName":"RemoteTestRunner.java","lineNumber":542},{"declaringClass":"org.eclipse.jdt.internal.junit.runner.RemoteTestRunner","methodName":"runTests","fileName":"RemoteTestRunner.java","lineNumber":770},{"declaringClass":"org.eclipse.jdt.internal.junit.runner.RemoteTestRunner","methodName":"run","fileName":"RemoteTestRunner.java","lineNumber":464},{"declaringClass":"org.eclipse.jdt.internal.junit.runner.RemoteTestRunner","methodName":"main","fileName":"RemoteTestRunner.java","lineNumber":210}],"rootCause":{"errorType":"org.openqa.selenium.TimeoutException","message":"Expected condition failed: waiting for By.xpath: //span[contains(text(),\u0027Traductor\u0027)] to be enabled (tried for 5 second(s) with 100 milliseconds interval)","stackTrace":[{"declaringClass":"com.librerianacional.certification.LibreriaNacional.tasks.GoTo","methodName":"performAs","fileName":"GoTo.java","lineNumber":30},{"declaringClass":"com.librerianacional.certification.LibreriaNacional.stepdefinitions.GoogleTraslateStepDefinitions","methodName":"theUserGoesTo","fileName":"GoogleTraslateStepDefinitions.java","lineNumber":53},{"declaringClass":"cucumber.runner.Runner","methodName":"runPickle","fileName":"Runner.java","lineNumber":80},{"declaringClass":"org.eclipse.jdt.internal.junit4.runner.JUnit4TestReference","methodName":"run","fileName":"JUnit4TestReference.java","lineNumber":89},{"declaringClass":"org.eclipse.jdt.internal.junit.runner.TestExecution","methodName":"run","fileName":"TestExecution.java","lineNumber":41},{"declaringClass":"org.eclipse.jdt.internal.junit.runner.RemoteTestRunner","methodName":"runTests","fileName":"RemoteTestRunner.java","lineNumber":542},{"declaringClass":"org.eclipse.jdt.internal.junit.runner.RemoteTestRunner","methodName":"runTests","fileName":"RemoteTestRunner.java","lineNumber":770},{"declaringClass":"org.eclipse.jdt.internal.junit.runner.RemoteTestRunner","methodName":"run","fileName":"RemoteTestRunner.java","lineNumber":464},{"declaringClass":"org.eclipse.jdt.internal.junit.runner.RemoteTestRunner","methodName":"main","fileName":"RemoteTestRunner.java","lineNumber":210}],"rootCause":{"errorType":"org.openqa.selenium.NoSuchElementException","message":"no such element: Unable to locate element: {\"method\":\"xpath\",\"selector\":\"//span[contains(text(),\u0027Traductor\u0027)]\"}\n  (Session info: chrome\u003d87.0.4280.88)\nFor documentation on this error, please visit: http://seleniumhq.org/exceptions/no_such_element.html\nBuild info: version: \u00273.11.0\u0027, revision: \u0027e59cfb3\u0027, time: \u00272018-03-11T20:26:55.152Z\u0027\nSystem info: host: \u0027CO-DEV-04\u0027, ip: \u0027192.168.2.16\u0027, os.name: \u0027Windows 10\u0027, os.arch: \u0027amd64\u0027, os.version: \u002710.0\u0027, java.version: \u00271.8.0_181\u0027\nDriver info: org.openqa.selenium.remote.RemoteWebDriver\nCapabilities {acceptInsecureCerts: false, browserName: chrome, browserVersion: 87.0.4280.88, chrome: {chromedriverVersion: 87.0.4280.88 (89e2380a3e36c..., userDataDir: C:\\Users\\vberrio\\AppData\\Lo...}, goog:chromeOptions: {debuggerAddress: localhost:54296}, javascriptEnabled: true, networkConnectionEnabled: false, pageLoadStrategy: normal, platform: WINDOWS, platformName: WINDOWS, proxy: Proxy(), setWindowRect: true, strictFileInteractability: false, timeouts: {implicit: 0, pageLoad: 300000, script: 30000}, unhandledPromptBehavior: dismiss and notify, webauthn:virtualAuthenticators: true}\nSession ID: 13747aeb2dc04f4751dfb5b955bf8bdf\n*** Element info: {Using\u003dxpath, value\u003d//span[contains(text(),\u0027Traductor\u0027)]}","stackTrace":[{"declaringClass":"com.librerianacional.certification.LibreriaNacional.tasks.GoTo","methodName":"performAs","fileName":"GoTo.java","lineNumber":30},{"declaringClass":"com.librerianacional.certification.LibreriaNacional.stepdefinitions.GoogleTraslateStepDefinitions","methodName":"theUserGoesTo","fileName":"GoogleTraslateStepDefinitions.java","lineNumber":53},{"declaringClass":"cucumber.runner.Runner","methodName":"runPickle","fileName":"Runner.java","lineNumber":80},{"declaringClass":"org.eclipse.jdt.internal.junit4.runner.JUnit4TestReference","methodName":"run","fileName":"JUnit4TestReference.java","lineNumber":89},{"declaringClass":"org.eclipse.jdt.internal.junit.runner.TestExecution","methodName":"run","fileName":"TestExecution.java","lineNumber":41},{"declaringClass":"org.eclipse.jdt.internal.junit.runner.RemoteTestRunner","methodName":"runTests","fileName":"RemoteTestRunner.java","lineNumber":542},{"declaringClass":"org.eclipse.jdt.internal.junit.runner.RemoteTestRunner","methodName":"runTests","fileName":"RemoteTestRunner.java","lineNumber":770},{"declaringClass":"org.eclipse.jdt.internal.junit.runner.RemoteTestRunner","methodName":"run","fileName":"RemoteTestRunner.java","lineNumber":464},{"declaringClass":"org.eclipse.jdt.internal.junit.runner.RemoteTestRunner","methodName":"main","fileName":"RemoteTestRunner.java","lineNumber":210}]}}},"result":"FAILURE","precondition":false,"children":[{"number":4,"description":"Vlady clicks on google apps button","duration":867,"startTime":"2021-01-08T09:13:35.895-05:00[America/Bogota]","screenshots":[{"screenshot":"8f863203a989808f3f02b7eb7f5ef527d1ffa9ff90f3c9344f3155d6e22b7782.png"},{"screenshot":"bf5b5d49edcb6d4f60d67a5e16ef029dd9602edc7fa520ccfdcad5c5e016a48e.png"}],"result":"SUCCESS","precondition":false},{"number":5,"description":"Vlady clicks on google translate button","duration":8032,"startTime":"2021-01-08T09:13:36.765-05:00[America/Bogota]","screenshots":[{"screenshot":"a4b688c23259364ddf6799d39f2946e3c182766ffb4ee2a9c06563a860c72ddc.png"},{"screenshot":"691417d6c23a31ae48f200d6d9dd5f9c37ebb40d3d45993e25cc6823545b4b3e.png","htmlSource":"pagesource1638391358249146470.html.txt"}],"exception":{"errorType":"net.thucydides.core.webdriver.exceptions.ElementShouldBeEnabledException","message":"The following error occurred: Expected enabled element was not enabled","stackTrace":[{"declaringClass":"com.librerianacional.certification.LibreriaNacional.tasks.GoTo","methodName":"performAs","fileName":"GoTo.java","lineNumber":30},{"declaringClass":"com.librerianacional.certification.LibreriaNacional.stepdefinitions.GoogleTraslateStepDefinitions","methodName":"theUserGoesTo","fileName":"GoogleTraslateStepDefinitions.java","lineNumber":53},{"declaringClass":"cucumber.runner.Runner","methodName":"runPickle","fileName":"Runner.java","lineNumber":80},{"declaringClass":"org.eclipse.jdt.internal.junit4.runner.JUnit4TestReference","methodName":"run","fileName":"JUnit4TestReference.java","lineNumber":89},{"declaringClass":"org.eclipse.jdt.internal.junit.runner.TestExecution","methodName":"run","fileName":"TestExecution.java","lineNumber":41},{"declaringClass":"org.eclipse.jdt.internal.junit.runner.RemoteTestRunner","methodName":"runTests","fileName":"RemoteTestRunner.java","lineNumber":542},{"declaringClass":"org.eclipse.jdt.internal.junit.runner.RemoteTestRunner","methodName":"runTests","fileName":"RemoteTestRunner.java","lineNumber":770},{"declaringClass":"org.eclipse.jdt.internal.junit.runner.RemoteTestRunner","methodName":"run","fileName":"RemoteTestRunner.java","lineNumber":464},{"declaringClass":"org.eclipse.jdt.internal.junit.runner.RemoteTestRunner","methodName":"main","fileName":"RemoteTestRunner.java","lineNumber":210}],"rootCause":{"errorType":"org.openqa.selenium.TimeoutException","message":"Expected condition failed: waiting for By.xpath: //span[contains(text(),\u0027Traductor\u0027)] to be enabled (tried for 5 second(s) with 100 milliseconds interval)","stackTrace":[{"declaringClass":"com.librerianacional.certification.LibreriaNacional.tasks.GoTo","methodName":"performAs","fileName":"GoTo.java","lineNumber":30},{"declaringClass":"com.librerianacional.certification.LibreriaNacional.stepdefinitions.GoogleTraslateStepDefinitions","methodName":"theUserGoesTo","fileName":"GoogleTraslateStepDefinitions.java","lineNumber":53},{"declaringClass":"cucumber.runner.Runner","methodName":"runPickle","fileName":"Runner.java","lineNumber":80},{"declaringClass":"org.eclipse.jdt.internal.junit4.runner.JUnit4TestReference","methodName":"run","fileName":"JUnit4TestReference.java","lineNumber":89},{"declaringClass":"org.eclipse.jdt.internal.junit.runner.TestExecution","methodName":"run","fileName":"TestExecution.java","lineNumber":41},{"declaringClass":"org.eclipse.jdt.internal.junit.runner.RemoteTestRunner","methodName":"runTests","fileName":"RemoteTestRunner.java","lineNumber":542},{"declaringClass":"org.eclipse.jdt.internal.junit.runner.RemoteTestRunner","methodName":"runTests","fileName":"RemoteTestRunner.java","lineNumber":770},{"declaringClass":"org.eclipse.jdt.internal.junit.runner.RemoteTestRunner","methodName":"run","fileName":"RemoteTestRunner.java","lineNumber":464},{"declaringClass":"org.eclipse.jdt.internal.junit.runner.RemoteTestRunner","methodName":"main","fileName":"RemoteTestRunner.java","lineNumber":210}],"rootCause":{"errorType":"org.openqa.selenium.NoSuchElementException","message":"no such element: Unable to locate element: {\"method\":\"xpath\",\"selector\":\"//span[contains(text(),\u0027Traductor\u0027)]\"}\n  (Session info: chrome\u003d87.0.4280.88)\nFor documentation on this error, please visit: http://seleniumhq.org/exceptions/no_such_element.html\nBuild info: version: \u00273.11.0\u0027, revision: \u0027e59cfb3\u0027, time: \u00272018-03-11T20:26:55.152Z\u0027\nSystem info: host: \u0027CO-DEV-04\u0027, ip: \u0027192.168.2.16\u0027, os.name: \u0027Windows 10\u0027, os.arch: \u0027amd64\u0027, os.version: \u002710.0\u0027, java.version: \u00271.8.0_181\u0027\nDriver info: org.openqa.selenium.remote.RemoteWebDriver\nCapabilities {acceptInsecureCerts: false, browserName: chrome, browserVersion: 87.0.4280.88, chrome: {chromedriverVersion: 87.0.4280.88 (89e2380a3e36c..., userDataDir: C:\\Users\\vberrio\\AppData\\Lo...}, goog:chromeOptions: {debuggerAddress: localhost:54296}, javascriptEnabled: true, networkConnectionEnabled: false, pageLoadStrategy: normal, platform: WINDOWS, platformName: WINDOWS, proxy: Proxy(), setWindowRect: true, strictFileInteractability: false, timeouts: {implicit: 0, pageLoad: 300000, script: 30000}, unhandledPromptBehavior: dismiss and notify, webauthn:virtualAuthenticators: true}\nSession ID: 13747aeb2dc04f4751dfb5b955bf8bdf\n*** Element info: {Using\u003dxpath, value\u003d//span[contains(text(),\u0027Traductor\u0027)]}","stackTrace":[{"declaringClass":"com.librerianacional.certification.LibreriaNacional.tasks.GoTo","methodName":"performAs","fileName":"GoTo.java","lineNumber":30},{"declaringClass":"com.librerianacional.certification.LibreriaNacional.stepdefinitions.GoogleTraslateStepDefinitions","methodName":"theUserGoesTo","fileName":"GoogleTraslateStepDefinitions.java","lineNumber":53},{"declaringClass":"cucumber.runner.Runner","methodName":"runPickle","fileName":"Runner.java","lineNumber":80},{"declaringClass":"org.eclipse.jdt.internal.junit4.runner.JUnit4TestReference","methodName":"run","fileName":"JUnit4TestReference.java","lineNumber":89},{"declaringClass":"org.eclipse.jdt.internal.junit.runner.TestExecution","methodName":"run","fileName":"TestExecution.java","lineNumber":41},{"declaringClass":"org.eclipse.jdt.internal.junit.runner.RemoteTestRunner","methodName":"runTests","fileName":"RemoteTestRunner.java","lineNumber":542},{"declaringClass":"org.eclipse.jdt.internal.junit.runner.RemoteTestRunner","methodName":"runTests","fileName":"RemoteTestRunner.java","lineNumber":770},{"declaringClass":"org.eclipse.jdt.internal.junit.runner.RemoteTestRunner","methodName":"run","fileName":"RemoteTestRunner.java","lineNumber":464},{"declaringClass":"org.eclipse.jdt.internal.junit.runner.RemoteTestRunner","methodName":"main","fileName":"RemoteTestRunner.java","lineNumber":210}]}}},"result":"FAILURE","precondition":false}]},{"number":6,"description":"Perform as: Vlady","duration":4,"startTime":"2021-01-08T09:13:44.802-05:00[America/Bogota]","exception":{"errorType":"net.thucydides.core.webdriver.exceptions.ElementShouldBeEnabledException","message":"The following error occurred: Expected enabled element was not enabled","stackTrace":[{"declaringClass":"com.librerianacional.certification.LibreriaNacional.tasks.GoTo","methodName":"performAs","fileName":"GoTo.java","lineNumber":30},{"declaringClass":"com.librerianacional.certification.LibreriaNacional.stepdefinitions.GoogleTraslateStepDefinitions","methodName":"theUserGoesTo","fileName":"GoogleTraslateStepDefinitions.java","lineNumber":53},{"declaringClass":"cucumber.runner.Runner","methodName":"runPickle","fileName":"Runner.java","lineNumber":80},{"declaringClass":"org.eclipse.jdt.internal.junit4.runner.JUnit4TestReference","methodName":"run","fileName":"JUnit4TestReference.java","lineNumber":89},{"declaringClass":"org.eclipse.jdt.internal.junit.runner.TestExecution","methodName":"run","fileName":"TestExecution.java","lineNumber":41},{"declaringClass":"org.eclipse.jdt.internal.junit.runner.RemoteTestRunner","methodName":"runTests","fileName":"RemoteTestRunner.java","lineNumber":542},{"declaringClass":"org.eclipse.jdt.internal.junit.runner.RemoteTestRunner","methodName":"runTests","fileName":"RemoteTestRunner.java","lineNumber":770},{"declaringClass":"org.eclipse.jdt.internal.junit.runner.RemoteTestRunner","methodName":"run","fileName":"RemoteTestRunner.java","lineNumber":464},{"declaringClass":"org.eclipse.jdt.internal.junit.runner.RemoteTestRunner","methodName":"main","fileName":"RemoteTestRunner.java","lineNumber":210}],"rootCause":{"errorType":"org.openqa.selenium.TimeoutException","message":"Expected condition failed: waiting for By.xpath: //span[contains(text(),\u0027Traductor\u0027)] to be enabled (tried for 5 second(s) with 100 milliseconds interval)","stackTrace":[{"declaringClass":"com.librerianacional.certification.LibreriaNacional.tasks.GoTo","methodName":"performAs","fileName":"GoTo.java","lineNumber":30},{"declaringClass":"com.librerianacional.certification.LibreriaNacional.stepdefinitions.GoogleTraslateStepDefinitions","methodName":"theUserGoesTo","fileName":"GoogleTraslateStepDefinitions.java","lineNumber":53},{"declaringClass":"cucumber.runner.Runner","methodName":"runPickle","fileName":"Runner.java","lineNumber":80},{"declaringClass":"org.eclipse.jdt.internal.junit4.runner.JUnit4TestReference","methodName":"run","fileName":"JUnit4TestReference.java","lineNumber":89},{"declaringClass":"org.eclipse.jdt.internal.junit.runner.TestExecution","methodName":"run","fileName":"TestExecution.java","lineNumber":41},{"declaringClass":"org.eclipse.jdt.internal.junit.runner.RemoteTestRunner","methodName":"runTests","fileName":"RemoteTestRunner.java","lineNumber":542},{"declaringClass":"org.eclipse.jdt.internal.junit.runner.RemoteTestRunner","methodName":"runTests","fileName":"RemoteTestRunner.java","lineNumber":770},{"declaringClass":"org.eclipse.jdt.internal.junit.runner.RemoteTestRunner","methodName":"run","fileName":"RemoteTestRunner.java","lineNumber":464},{"declaringClass":"org.eclipse.jdt.internal.junit.runner.RemoteTestRunner","methodName":"main","fileName":"RemoteTestRunner.java","lineNumber":210}],"rootCause":{"errorType":"org.openqa.selenium.NoSuchElementException","message":"no such element: Unable to locate element: {\"method\":\"xpath\",\"selector\":\"//span[contains(text(),\u0027Traductor\u0027)]\"}\n  (Session info: chrome\u003d87.0.4280.88)\nFor documentation on this error, please visit: http://seleniumhq.org/exceptions/no_such_element.html\nBuild info: version: \u00273.11.0\u0027, revision: \u0027e59cfb3\u0027, time: \u00272018-03-11T20:26:55.152Z\u0027\nSystem info: host: \u0027CO-DEV-04\u0027, ip: \u0027192.168.2.16\u0027, os.name: \u0027Windows 10\u0027, os.arch: \u0027amd64\u0027, os.version: \u002710.0\u0027, java.version: \u00271.8.0_181\u0027\nDriver info: org.openqa.selenium.remote.RemoteWebDriver\nCapabilities {acceptInsecureCerts: false, browserName: chrome, browserVersion: 87.0.4280.88, chrome: {chromedriverVersion: 87.0.4280.88 (89e2380a3e36c..., userDataDir: C:\\Users\\vberrio\\AppData\\Lo...}, goog:chromeOptions: {debuggerAddress: localhost:54296}, javascriptEnabled: true, networkConnectionEnabled: false, pageLoadStrategy: normal, platform: WINDOWS, platformName: WINDOWS, proxy: Proxy(), setWindowRect: true, strictFileInteractability: false, timeouts: {implicit: 0, pageLoad: 300000, script: 30000}, unhandledPromptBehavior: dismiss and notify, webauthn:virtualAuthenticators: true}\nSession ID: 13747aeb2dc04f4751dfb5b955bf8bdf\n*** Element info: {Using\u003dxpath, value\u003d//span[contains(text(),\u0027Traductor\u0027)]}","stackTrace":[{"declaringClass":"com.librerianacional.certification.LibreriaNacional.tasks.GoTo","methodName":"performAs","fileName":"GoTo.java","lineNumber":30},{"declaringClass":"com.librerianacional.certification.LibreriaNacional.stepdefinitions.GoogleTraslateStepDefinitions","methodName":"theUserGoesTo","fileName":"GoogleTraslateStepDefinitions.java","lineNumber":53},{"declaringClass":"cucumber.runner.Runner","methodName":"runPickle","fileName":"Runner.java","lineNumber":80},{"declaringClass":"org.eclipse.jdt.internal.junit4.runner.JUnit4TestReference","methodName":"run","fileName":"JUnit4TestReference.java","lineNumber":89},{"declaringClass":"org.eclipse.jdt.internal.junit.runner.TestExecution","methodName":"run","fileName":"TestExecution.java","lineNumber":41},{"declaringClass":"org.eclipse.jdt.internal.junit.runner.RemoteTestRunner","methodName":"runTests","fileName":"RemoteTestRunner.java","lineNumber":542},{"declaringClass":"org.eclipse.jdt.internal.junit.runner.RemoteTestRunner","methodName":"runTests","fileName":"RemoteTestRunner.java","lineNumber":770},{"declaringClass":"org.eclipse.jdt.internal.junit.runner.RemoteTestRunner","methodName":"run","fileName":"RemoteTestRunner.java","lineNumber":464},{"declaringClass":"org.eclipse.jdt.internal.junit.runner.RemoteTestRunner","methodName":"main","fileName":"RemoteTestRunner.java","lineNumber":210}]}}},"result":"FAILURE","precondition":false},{"number":7,"description":"When he traslates the word wolf it is a animal from Inglés to Español","duration":1,"startTime":"2021-01-08T09:13:44.811-05:00[America/Bogota]","result":"SKIPPED","precondition":false},{"number":8,"description":"Then he should see the word lobo es un animal in the screen","duration":1,"startTime":"2021-01-08T09:13:44.812-05:00[America/Bogota]","result":"SKIPPED","precondition":false}],"userStory":{"id":"google-traslate","storyName":"Google Traslate","path":"src/test/resources/feature/google_translate.feature","narrative":"  As a Web User  \n  I want to use Google Traslate\n  to translate words between different languages","type":"feature"},"featureTag":{"name":"Feature/Google Traslate","type":"feature"},"title":"Translate from Spanish to English","startTime":"2021-01-08T09:13:29.253-05:00[America/Bogota]","duration":15716,"testFailureCause":{"errorType":"net.thucydides.core.webdriver.exceptions.ElementShouldBeEnabledException","message":"The following error occurred: Expected enabled element was not enabled","stackTrace":[{"declaringClass":"com.librerianacional.certification.LibreriaNacional.tasks.GoTo","methodName":"performAs","fileName":"GoTo.java","lineNumber":30},{"declaringClass":"com.librerianacional.certification.LibreriaNacional.stepdefinitions.GoogleTraslateStepDefinitions","methodName":"theUserGoesTo","fileName":"GoogleTraslateStepDefinitions.java","lineNumber":53},{"declaringClass":"cucumber.runner.Runner","methodName":"runPickle","fileName":"Runner.java","lineNumber":80},{"declaringClass":"org.eclipse.jdt.internal.junit4.runner.JUnit4TestReference","methodName":"run","fileName":"JUnit4TestReference.java","lineNumber":89},{"declaringClass":"org.eclipse.jdt.internal.junit.runner.TestExecution","methodName":"run","fileName":"TestExecution.java","lineNumber":41},{"declaringClass":"org.eclipse.jdt.internal.junit.runner.RemoteTestRunner","methodName":"runTests","fileName":"RemoteTestRunner.java","lineNumber":542},{"declaringClass":"org.eclipse.jdt.internal.junit.runner.RemoteTestRunner","methodName":"runTests","fileName":"RemoteTestRunner.java","lineNumber":770},{"declaringClass":"org.eclipse.jdt.internal.junit.runner.RemoteTestRunner","methodName":"run","fileName":"RemoteTestRunner.java","lineNumber":464},{"declaringClass":"org.eclipse.jdt.internal.junit.runner.RemoteTestRunner","methodName":"main","fileName":"RemoteTestRunner.java","lineNumber":210}],"rootCause":{"errorType":"org.openqa.selenium.TimeoutException","message":"Expected condition failed: waiting for By.xpath: //span[contains(text(),\u0027Traductor\u0027)] to be enabled (tried for 5 second(s) with 100 milliseconds interval)","stackTrace":[{"declaringClass":"com.librerianacional.certification.LibreriaNacional.tasks.GoTo","methodName":"performAs","fileName":"GoTo.java","lineNumber":30},{"declaringClass":"com.librerianacional.certification.LibreriaNacional.stepdefinitions.GoogleTraslateStepDefinitions","methodName":"theUserGoesTo","fileName":"GoogleTraslateStepDefinitions.java","lineNumber":53},{"declaringClass":"cucumber.runner.Runner","methodName":"runPickle","fileName":"Runner.java","lineNumber":80},{"declaringClass":"org.eclipse.jdt.internal.junit4.runner.JUnit4TestReference","methodName":"run","fileName":"JUnit4TestReference.java","lineNumber":89},{"declaringClass":"org.eclipse.jdt.internal.junit.runner.TestExecution","methodName":"run","fileName":"TestExecution.java","lineNumber":41},{"declaringClass":"org.eclipse.jdt.internal.junit.runner.RemoteTestRunner","methodName":"runTests","fileName":"RemoteTestRunner.java","lineNumber":542},{"declaringClass":"org.eclipse.jdt.internal.junit.runner.RemoteTestRunner","methodName":"runTests","fileName":"RemoteTestRunner.java","lineNumber":770},{"declaringClass":"org.eclipse.jdt.internal.junit.runner.RemoteTestRunner","methodName":"run","fileName":"RemoteTestRunner.java","lineNumber":464},{"declaringClass":"org.eclipse.jdt.internal.junit.runner.RemoteTestRunner","methodName":"main","fileName":"RemoteTestRunner.java","lineNumber":210}],"rootCause":{"errorType":"org.openqa.selenium.NoSuchElementException","message":"no such element: Unable to locate element: {\"method\":\"xpath\",\"selector\":\"//span[contains(text(),\u0027Traductor\u0027)]\"}\n  (Session info: chrome\u003d87.0.4280.88)\nFor documentation on this error, please visit: http://seleniumhq.org/exceptions/no_such_element.html\nBuild info: version: \u00273.11.0\u0027, revision: \u0027e59cfb3\u0027, time: \u00272018-03-11T20:26:55.152Z\u0027\nSystem info: host: \u0027CO-DEV-04\u0027, ip: \u0027192.168.2.16\u0027, os.name: \u0027Windows 10\u0027, os.arch: \u0027amd64\u0027, os.version: \u002710.0\u0027, java.version: \u00271.8.0_181\u0027\nDriver info: org.openqa.selenium.remote.RemoteWebDriver\nCapabilities {acceptInsecureCerts: false, browserName: chrome, browserVersion: 87.0.4280.88, chrome: {chromedriverVersion: 87.0.4280.88 (89e2380a3e36c..., userDataDir: C:\\Users\\vberrio\\AppData\\Lo...}, goog:chromeOptions: {debuggerAddress: localhost:54296}, javascriptEnabled: true, networkConnectionEnabled: false, pageLoadStrategy: normal, platform: WINDOWS, platformName: WINDOWS, proxy: Proxy(), setWindowRect: true, strictFileInteractability: false, timeouts: {implicit: 0, pageLoad: 300000, script: 30000}, unhandledPromptBehavior: dismiss and notify, webauthn:virtualAuthenticators: true}\nSession ID: 13747aeb2dc04f4751dfb5b955bf8bdf\n*** Element info: {Using\u003dxpath, value\u003d//span[contains(text(),\u0027Traductor\u0027)]}","stackTrace":[{"declaringClass":"com.librerianacional.certification.LibreriaNacional.tasks.GoTo","methodName":"performAs","fileName":"GoTo.java","lineNumber":30},{"declaringClass":"com.librerianacional.certification.LibreriaNacional.stepdefinitions.GoogleTraslateStepDefinitions","methodName":"theUserGoesTo","fileName":"GoogleTraslateStepDefinitions.java","lineNumber":53},{"declaringClass":"cucumber.runner.Runner","methodName":"runPickle","fileName":"Runner.java","lineNumber":80},{"declaringClass":"org.eclipse.jdt.internal.junit4.runner.JUnit4TestReference","methodName":"run","fileName":"JUnit4TestReference.java","lineNumber":89},{"declaringClass":"org.eclipse.jdt.internal.junit.runner.TestExecution","methodName":"run","fileName":"TestExecution.java","lineNumber":41},{"declaringClass":"org.eclipse.jdt.internal.junit.runner.RemoteTestRunner","methodName":"runTests","fileName":"RemoteTestRunner.java","lineNumber":542},{"declaringClass":"org.eclipse.jdt.internal.junit.runner.RemoteTestRunner","methodName":"runTests","fileName":"RemoteTestRunner.java","lineNumber":770},{"declaringClass":"org.eclipse.jdt.internal.junit.runner.RemoteTestRunner","methodName":"run","fileName":"RemoteTestRunner.java","lineNumber":464},{"declaringClass":"org.eclipse.jdt.internal.junit.runner.RemoteTestRunner","methodName":"main","fileName":"RemoteTestRunner.java","lineNumber":210}]}}},"testFailureClassname":"net.thucydides.core.webdriver.exceptions.ElementShouldBeEnabledException","testFailureMessage":"The following error occurred: Expected enabled element was not enabled","testFailureSummary":"FAILURE;net.thucydides.core.webdriver.exceptions.ElementShouldBeEnabledException;The following error occurred: Expected enabled element was not enabled;GoTo.java","projectKey":"","annotatedResult":"FAILURE","sessionId":"13747aeb2dc04f4751dfb5b955bf8bdf","driver":"chrome","manual":false,"testSource":"Cucumber","result":"FAILURE"}